<?xml version="1.0" encoding="UTF-8"?>
<testsuite name="com.learn.gradle.RandomGeneratorTest" tests="2" skipped="0" failures="0" errors="0" timestamp="2018-12-21T23:54:51" hostname="USNA007FCX" time="0.018">
  <properties/>
  <testcase name="testName" classname="com.learn.gradle.RandomGeneratorTest" time="0.003"/>
  <testcase name="generateRandomNumberTest" classname="com.learn.gradle.RandomGeneratorTest" time="0.015"/>
  <system-out><![CDATA[]]></system-out>
  <system-err><![CDATA[]]></system-err>
</testsuite>
