<?xml version="1.0" encoding="UTF-8"?>
<testsuite name="com.learn.gradle.random.RandomGeneratorTest" tests="2" skipped="0" failures="0" errors="0" timestamp="2018-12-23T17:48:41" hostname="USNA007FCX" time="0.014">
  <properties/>
  <testcase name="testName" classname="com.learn.gradle.random.RandomGeneratorTest" time="0.003"/>
  <testcase name="testRandomGenerator" classname="com.learn.gradle.random.RandomGeneratorTest" time="0.011"/>
  <system-out><![CDATA[]]></system-out>
  <system-err><![CDATA[]]></system-err>
</testsuite>
